# JRE version: OpenJDK Runtime Environment (8.0_152-b02) (build 1.8.0_152-release-1024-b02)
# Java VM: OpenJDK 64-Bit Server VM (25.152-b02 mixed mode windows-amd64 compressed oops)
Heap:
 PSYoungGen      total 163328K, used 54139K [0x00000000e0000000, 0x00000000ec200000, 0x0000000100000000)
  eden space 144896K, 31% used [0x00000000e0000000,0x00000000e2d26f68,0x00000000e8d80000)
  from space 18432K, 42% used [0x00000000e8d80000,0x00000000e9538070,0x00000000e9f80000)
  to   space 17408K, 0% used [0x00000000eb100000,0x00000000eb100000,0x00000000ec200000)
 ParOldGen       total 88064K, used 72605K [0x00000000a0000000, 0x00000000a5600000, 0x00000000e0000000)
  object space 88064K, 82% used [0x00000000a0000000,0x00000000a46e7598,0x00000000a5600000)
 Metaspace       used 77738K, capacity 81115K, committed 81368K, reserved 1120256K
  class space    used 10163K, capacity 10940K, committed 11008K, reserved 1048576K
GC Heap History (10 events):
Event: 178.657 GC heap before
{Heap before GC invocations=24 (full 3):
 PSYoungGen      total 148480K, used 138938K [0x00000000e0000000, 0x00000000ea180000, 0x0000000100000000)
  eden space 131584K, 100% used [0x00000000e0000000,0x00000000e8080000,0x00000000e8080000)
  from space 16896K, 43% used [0x00000000e9100000,0x00000000e982e9d0,0x00000000ea180000)
  to   space 16896K, 0% used [0x00000000e8080000,0x00000000e8080000,0x00000000e9100000)
 ParOldGen       total 88064K, used 55925K [0x00000000a0000000, 0x00000000a5600000, 0x00000000e0000000)
  object space 88064K, 63% used [0x00000000a0000000,0x00000000a369d530,0x00000000a5600000)
 Metaspace       used 71146K, capacity 73715K, committed 73944K, reserved 1114112K
  class space    used 9352K, capacity 9961K, committed 9984K, reserved 1048576K
Event: 179.048 GC heap after
Heap after GC invocations=24 (full 3):
 PSYoungGen      total 148480K, used 16888K [0x00000000e0000000, 0x00000000ebc80000, 0x0000000100000000)
  eden space 131584K, 0% used [0x00000000e0000000,0x00000000e0000000,0x00000000e8080000)
  from space 16896K, 99% used [0x00000000e8080000,0x00000000e90fe0f8,0x00000000e9100000)
  to   space 20480K, 0% used [0x00000000ea880000,0x00000000ea880000,0x00000000ebc80000)
 ParOldGen       total 88064K, used 58744K [0x00000000a0000000, 0x00000000a5600000, 0x00000000e0000000)
  object space 88064K, 66% used [0x00000000a0000000,0x00000000a395e058,0x00000000a5600000)
 Metaspace       used 71146K, capacity 73715K, committed 73944K, reserved 1114112K
  class space    used 9352K, capacity 9961K, committed 9984K, reserved 1048576K
}
Event: 522.276 GC heap before
{Heap before GC invocations=25 (full 3):
 PSYoungGen      total 148480K, used 148472K [0x00000000e0000000, 0x00000000ebc80000, 0x0000000100000000)
  eden space 131584K, 100% used [0x00000000e0000000,0x00000000e8080000,0x00000000e8080000)
  from space 16896K, 99% used [0x00000000e8080000,0x00000000e90fe0f8,0x00000000e9100000)
  to   space 20480K, 0% used [0x00000000ea880000,0x00000000ea880000,0x00000000ebc80000)
 ParOldGen       total 88064K, used 58744K [0x00000000a0000000, 0x00000000a5600000, 0x00000000e0000000)
  object space 88064K, 66% used [0x00000000a0000000,0x00000000a395e058,0x00000000a5600000)
 Metaspace       used 73327K, capacity 76179K, committed 76376K, reserved 1116160K
  class space    used 9625K, capacity 10258K, committed 10368K, reserved 1048576K
Event: 523.281 GC heap after
Heap after GC invocations=25 (full 3):
 PSYoungGen      total 165376K, used 8562K [0x00000000e0000000, 0x00000000eb800000, 0x0000000100000000)
  eden space 149504K, 0% used [0x00000000e0000000,0x00000000e0000000,0x00000000e9200000)
  from space 15872K, 53% used [0x00000000ea880000,0x00000000eb0dca98,0x00000000eb800000)
  to   space 19456K, 0% used [0x00000000e9200000,0x00000000e9200000,0x00000000ea500000)
 ParOldGen       total 88064K, used 72581K [0x00000000a0000000, 0x00000000a5600000, 0x00000000e0000000)
  object space 88064K, 82% used [0x00000000a0000000,0x00000000a46e1598,0x00000000a5600000)
 Metaspace       used 73327K, capacity 76179K, committed 76376K, reserved 1116160K
  class space    used 9625K, capacity 10258K, committed 10368K, reserved 1048576K
}
Event: 2888.611 GC heap before
{Heap before GC invocations=26 (full 3):
 PSYoungGen      total 165376K, used 158066K [0x00000000e0000000, 0x00000000eb800000, 0x0000000100000000)
  eden space 149504K, 100% used [0x00000000e0000000,0x00000000e9200000,0x00000000e9200000)
  from space 15872K, 53% used [0x00000000ea880000,0x00000000eb0dca98,0x00000000eb800000)
  to   space 19456K, 0% used [0x00000000e9200000,0x00000000e9200000,0x00000000ea500000)
 ParOldGen       total 88064K, used 72581K [0x00000000a0000000, 0x00000000a5600000, 0x00000000e0000000)
  object space 88064K, 82% used [0x00000000a0000000,0x00000000a46e1598,0x00000000a5600000)
 Metaspace       used 74500K, capacity 77705K, committed 77784K, reserved 1116160K
  class space    used 9755K, capacity 10467K, committed 10496K, reserved 1048576K
Event: 2889.358 GC heap after
Heap after GC invocations=26 (full 3):
 PSYoungGen      total 148480K, used 4096K [0x00000000e0000000, 0x00000000eb280000, 0x0000000100000000)
  eden space 143872K, 0% used [0x00000000e0000000,0x00000000e0000000,0x00000000e8c80000)
  from space 4608K, 88% used [0x00000000e9200000,0x00000000e9600020,0x00000000e9680000)
  to   space 19456K, 0% used [0x00000000e9f80000,0x00000000e9f80000,0x00000000eb280000)
 ParOldGen       total 88064K, used 72589K [0x00000000a0000000, 0x00000000a5600000, 0x00000000e0000000)
  object space 88064K, 82% used [0x00000000a0000000,0x00000000a46e3598,0x00000000a5600000)
 Metaspace       used 74500K, capacity 77705K, committed 77784K, reserved 1116160K
  class space    used 9755K, capacity 10467K, committed 10496K, reserved 1048576K
}
Event: 2922.607 GC heap before
{Heap before GC invocations=27 (full 3):
 PSYoungGen      total 148480K, used 147968K [0x00000000e0000000, 0x00000000eb280000, 0x0000000100000000)
  eden space 143872K, 100% used [0x00000000e0000000,0x00000000e8c80000,0x00000000e8c80000)
  from space 4608K, 88% used [0x00000000e9200000,0x00000000e9600020,0x00000000e9680000)
  to   space 19456K, 0% used [0x00000000e9f80000,0x00000000e9f80000,0x00000000eb280000)
 ParOldGen       total 88064K, used 72589K [0x00000000a0000000, 0x00000000a5600000, 0x00000000e0000000)
  object space 88064K, 82% used [0x00000000a0000000,0x00000000a46e3598,0x00000000a5600000)
 Metaspace       used 75105K, capacity 78399K, committed 78680K, reserved 1118208K
  class space    used 9810K, capacity 10540K, committed 10624K, reserved 1048576K
Event: 2923.676 GC heap after
Heap after GC invocations=27 (full 3):
 PSYoungGen      total 164352K, used 8832K [0x00000000e0000000, 0x00000000ec800000, 0x0000000100000000)
  eden space 144896K, 0% used [0x00000000e0000000,0x00000000e0000000,0x00000000e8d80000)
  from space 19456K, 45% used [0x00000000e9f80000,0x00000000ea820050,0x00000000eb280000)
  to   space 18432K, 0% used [0x00000000e8d80000,0x00000000e8d80000,0x00000000e9f80000)
 ParOldGen       total 88064K, used 72597K [0x00000000a0000000, 0x00000000a5600000, 0x00000000e0000000)
  object space 88064K, 82% used [0x00000000a0000000,0x00000000a46e5598,0x00000000a5600000)
 Metaspace       used 75105K, capacity 78399K, committed 78680K, reserved 1118208K
  class space    used 9810K, capacity 10540K, committed 10624K, reserved 1048576K
}
Event: 2942.669 GC heap before
{Heap before GC invocations=28 (full 3):
 PSYoungGen      total 164352K, used 153728K [0x00000000e0000000, 0x00000000ec800000, 0x0000000100000000)
  eden space 144896K, 100% used [0x00000000e0000000,0x00000000e8d80000,0x00000000e8d80000)
  from space 19456K, 45% used [0x00000000e9f80000,0x00000000ea820050,0x00000000eb280000)
  to   space 18432K, 0% used [0x00000000e8d80000,0x00000000e8d80000,0x00000000e9f80000)
 ParOldGen       total 88064K, used 72597K [0x00000000a0000000, 0x00000000a5600000, 0x00000000e0000000)
  object space 88064K, 82% used [0x00000000a0000000,0x00000000a46e5598,0x00000000a5600000)
 Metaspace       used 75740K, capacity 78975K, committed 79192K, reserved 1118208K
  class space    used 9871K, capacity 10604K, committed 10624K, reserved 1048576K
Event: 2943.002 GC heap after
Heap after GC invocations=28 (full 3):
 PSYoungGen      total 163328K, used 7904K [0x00000000e0000000, 0x00000000ec200000, 0x0000000100000000)
  eden space 144896K, 0% used [0x00000000e0000000,0x00000000e0000000,0x00000000e8d80000)
  from space 18432K, 42% used [0x00000000e8d80000,0x00000000e9538070,0x00000000e9f80000)
  to   space 17408K, 0% used [0x00000000eb100000,0x00000000eb100000,0x00000000ec200000)
 ParOldGen       total 88064K, used 72605K [0x00000000a0000000, 0x00000000a5600000, 0x00000000e0000000)
  object space 88064K, 82% used [0x00000000a0000000,0x00000000a46e7598,0x00000000a5600000)
 Metaspace       used 75740K, capacity 78975K, committed 79192K, reserved 1118208K
  class space    used 9871K, capacity 10604K, committed 10624K, reserved 1048576K
}

