# JRE version: OpenJDK Runtime Environment (8.0_152-b02) (build 1.8.0_152-release-1024-b02)
# Java VM: OpenJDK 64-Bit Server VM (25.152-b02 mixed mode windows-amd64 compressed oops)
Heap:
 PSYoungGen      total 44544K, used 18932K [0x00000000e0000000, 0x00000000e4b80000, 0x0000000100000000)
  eden space 34816K, 54% used [0x00000000e0000000,0x00000000e127d338,0x00000000e2200000)
  from space 9728K, 0% used [0x00000000e2200000,0x00000000e2200000,0x00000000e2b80000)
  to   space 11776K, 0% used [0x00000000e4000000,0x00000000e4000000,0x00000000e4b80000)
 ParOldGen       total 38400K, used 16025K [0x00000000a0000000, 0x00000000a2580000, 0x00000000e0000000)
  object space 38400K, 41% used [0x00000000a0000000,0x00000000a0fa64b0,0x00000000a2580000)
 Metaspace       used 36745K, capacity 37364K, committed 37800K, reserved 1083392K
  class space    used 4616K, capacity 4762K, committed 4784K, reserved 1048576K
GC Heap History (10 events):
Event: 10.678 GC heap before
{Heap before GC invocations=8 (full 2):
 PSYoungGen      total 18944K, used 16384K [0x00000000e0000000, 0x00000000e2500000, 0x0000000100000000)
  eden space 16384K, 100% used [0x00000000e0000000,0x00000000e1000000,0x00000000e1000000)
  from space 2560K, 0% used [0x00000000e1000000,0x00000000e1000000,0x00000000e1280000)
  to   space 2560K, 0% used [0x00000000e2280000,0x00000000e2280000,0x00000000e2500000)
 ParOldGen       total 38400K, used 10061K [0x00000000a0000000, 0x00000000a2580000, 0x00000000e0000000)
  object space 38400K, 26% used [0x00000000a0000000,0x00000000a09d34a8,0x00000000a2580000)
 Metaspace       used 24319K, capacity 24824K, committed 25008K, reserved 1071104K
  class space    used 3088K, capacity 3238K, committed 3248K, reserved 1048576K
Event: 10.689 GC heap after
Heap after GC invocations=8 (full 2):
 PSYoungGen      total 27648K, used 2543K [0x00000000e0000000, 0x00000000e2580000, 0x0000000100000000)
  eden space 25088K, 0% used [0x00000000e0000000,0x00000000e0000000,0x00000000e1880000)
  from space 2560K, 99% used [0x00000000e2280000,0x00000000e24fbd70,0x00000000e2500000)
  to   space 6656K, 0% used [0x00000000e1880000,0x00000000e1880000,0x00000000e1f00000)
 ParOldGen       total 38400K, used 11363K [0x00000000a0000000, 0x00000000a2580000, 0x00000000e0000000)
  object space 38400K, 29% used [0x00000000a0000000,0x00000000a0b18c00,0x00000000a2580000)
 Metaspace       used 24319K, capacity 24824K, committed 25008K, reserved 1071104K
  class space    used 3088K, capacity 3238K, committed 3248K, reserved 1048576K
}
Event: 14.096 GC heap before
{Heap before GC invocations=9 (full 2):
 PSYoungGen      total 27648K, used 27631K [0x00000000e0000000, 0x00000000e2580000, 0x0000000100000000)
  eden space 25088K, 100% used [0x00000000e0000000,0x00000000e1880000,0x00000000e1880000)
  from space 2560K, 99% used [0x00000000e2280000,0x00000000e24fbd70,0x00000000e2500000)
  to   space 6656K, 0% used [0x00000000e1880000,0x00000000e1880000,0x00000000e1f00000)
 ParOldGen       total 38400K, used 11363K [0x00000000a0000000, 0x00000000a2580000, 0x00000000e0000000)
  object space 38400K, 29% used [0x00000000a0000000,0x00000000a0b18c00,0x00000000a2580000)
 Metaspace       used 26906K, capacity 27458K, committed 27696K, reserved 1073152K
  class space    used 3424K, capacity 3571K, committed 3632K, reserved 1048576K
Event: 14.118 GC heap after
Heap after GC invocations=9 (full 2):
 PSYoungGen      total 31744K, used 6394K [0x00000000e0000000, 0x00000000e3280000, 0x0000000100000000)
  eden space 25088K, 0% used [0x00000000e0000000,0x00000000e0000000,0x00000000e1880000)
  from space 6656K, 96% used [0x00000000e1880000,0x00000000e1ebeae8,0x00000000e1f00000)
  to   space 7168K, 0% used [0x00000000e2b80000,0x00000000e2b80000,0x00000000e3280000)
 ParOldGen       total 38400K, used 11371K [0x00000000a0000000, 0x00000000a2580000, 0x00000000e0000000)
  object space 38400K, 29% used [0x00000000a0000000,0x00000000a0b1ac00,0x00000000a2580000)
 Metaspace       used 26906K, capacity 27458K, committed 27696K, reserved 1073152K
  class space    used 3424K, capacity 3571K, committed 3632K, reserved 1048576K
}
Event: 15.290 GC heap before
{Heap before GC invocations=10 (full 2):
 PSYoungGen      total 31744K, used 31482K [0x00000000e0000000, 0x00000000e3280000, 0x0000000100000000)
  eden space 25088K, 100% used [0x00000000e0000000,0x00000000e1880000,0x00000000e1880000)
  from space 6656K, 96% used [0x00000000e1880000,0x00000000e1ebeae8,0x00000000e1f00000)
  to   space 7168K, 0% used [0x00000000e2b80000,0x00000000e2b80000,0x00000000e3280000)
 ParOldGen       total 38400K, used 11371K [0x00000000a0000000, 0x00000000a2580000, 0x00000000e0000000)
  object space 38400K, 29% used [0x00000000a0000000,0x00000000a0b1ac00,0x00000000a2580000)
 Metaspace       used 31006K, capacity 31438K, committed 31792K, reserved 1077248K
  class space    used 3932K, capacity 4059K, committed 4144K, reserved 1048576K
Event: 15.312 GC heap after
Heap after GC invocations=10 (full 2):
 PSYoungGen      total 41984K, used 7158K [0x00000000e0000000, 0x00000000e3800000, 0x0000000100000000)
  eden space 34816K, 0% used [0x00000000e0000000,0x00000000e0000000,0x00000000e2200000)
  from space 7168K, 99% used [0x00000000e2b80000,0x00000000e327db58,0x00000000e3280000)
  to   space 9728K, 0% used [0x00000000e2200000,0x00000000e2200000,0x00000000e2b80000)
 ParOldGen       total 38400K, used 15620K [0x00000000a0000000, 0x00000000a2580000, 0x00000000e0000000)
  object space 38400K, 40% used [0x00000000a0000000,0x00000000a0f41278,0x00000000a2580000)
 Metaspace       used 31006K, capacity 31438K, committed 31792K, reserved 1077248K
  class space    used 3932K, capacity 4059K, committed 4144K, reserved 1048576K
}
Event: 16.410 GC heap before
{Heap before GC invocations=11 (full 2):
 PSYoungGen      total 41984K, used 26390K [0x00000000e0000000, 0x00000000e3800000, 0x0000000100000000)
  eden space 34816K, 55% used [0x00000000e0000000,0x00000000e12c7e00,0x00000000e2200000)
  from space 7168K, 99% used [0x00000000e2b80000,0x00000000e327db58,0x00000000e3280000)
  to   space 9728K, 0% used [0x00000000e2200000,0x00000000e2200000,0x00000000e2b80000)
 ParOldGen       total 38400K, used 15620K [0x00000000a0000000, 0x00000000a2580000, 0x00000000e0000000)
  object space 38400K, 40% used [0x00000000a0000000,0x00000000a0f41278,0x00000000a2580000)
 Metaspace       used 34692K, capacity 35218K, committed 35496K, reserved 1081344K
  class space    used 4356K, capacity 4497K, committed 4528K, reserved 1048576K
Event: 16.435 GC heap after
Heap after GC invocations=11 (full 2):
 PSYoungGen      total 44544K, used 9711K [0x00000000e0000000, 0x00000000e4b80000, 0x0000000100000000)
  eden space 34816K, 0% used [0x00000000e0000000,0x00000000e0000000,0x00000000e2200000)
  from space 9728K, 99% used [0x00000000e2200000,0x00000000e2b7bfd0,0x00000000e2b80000)
  to   space 11776K, 0% used [0x00000000e4000000,0x00000000e4000000,0x00000000e4b80000)
 ParOldGen       total 38400K, used 16938K [0x00000000a0000000, 0x00000000a2580000, 0x00000000e0000000)
  object space 38400K, 44% used [0x00000000a0000000,0x00000000a108aa40,0x00000000a2580000)
 Metaspace       used 34692K, capacity 35218K, committed 35496K, reserved 1081344K
  class space    used 4356K, capacity 4497K, committed 4528K, reserved 1048576K
}
Event: 16.435 GC heap before
{Heap before GC invocations=12 (full 3):
 PSYoungGen      total 44544K, used 9711K [0x00000000e0000000, 0x00000000e4b80000, 0x0000000100000000)
  eden space 34816K, 0% used [0x00000000e0000000,0x00000000e0000000,0x00000000e2200000)
  from space 9728K, 99% used [0x00000000e2200000,0x00000000e2b7bfd0,0x00000000e2b80000)
  to   space 11776K, 0% used [0x00000000e4000000,0x00000000e4000000,0x00000000e4b80000)
 ParOldGen       total 38400K, used 16938K [0x00000000a0000000, 0x00000000a2580000, 0x00000000e0000000)
  object space 38400K, 44% used [0x00000000a0000000,0x00000000a108aa40,0x00000000a2580000)
 Metaspace       used 34692K, capacity 35218K, committed 35496K, reserved 1081344K
  class space    used 4356K, capacity 4497K, committed 4528K, reserved 1048576K
Event: 16.582 GC heap after
Heap after GC invocations=12 (full 3):
 PSYoungGen      total 44544K, used 0K [0x00000000e0000000, 0x00000000e4b80000, 0x0000000100000000)
  eden space 34816K, 0% used [0x00000000e0000000,0x00000000e0000000,0x00000000e2200000)
  from space 9728K, 0% used [0x00000000e2200000,0x00000000e2200000,0x00000000e2b80000)
  to   space 11776K, 0% used [0x00000000e4000000,0x00000000e4000000,0x00000000e4b80000)
 ParOldGen       total 38400K, used 16025K [0x00000000a0000000, 0x00000000a2580000, 0x00000000e0000000)
  object space 38400K, 41% used [0x00000000a0000000,0x00000000a0fa64b0,0x00000000a2580000)
 Metaspace       used 34692K, capacity 35218K, committed 35496K, reserved 1081344K
  class space    used 4356K, capacity 4497K, committed 4528K, reserved 1048576K
}

